<?xml version="1.0" encoding="UTF-8"?>
<testsuite xmlns:xsi="http://www.w3.org/2001/XMLSchema-instance" xsi:noNamespaceSchemaLocation="https://maven.apache.org/surefire/maven-surefire-plugin/xsd/surefire-test-report.xsd" name="tests.PersonalAccountNavigationTest" time="26.048" tests="3" errors="0" skipped="0" failures="0">
  <properties>
    <property name="sun.desktop" value="windows"/>
    <property name="awt.toolkit" value="sun.awt.windows.WToolkit"/>
    <property name="java.specification.version" value="11"/>
    <property name="sun.cpu.isalist" value="amd64"/>
    <property name="sun.jnu.encoding" value="Cp1251"/>
    <property name="java.class.path" value="C:\Users\MMuradzade\IdeaProjects\Diplom\Diplom_3\target\test-classes;C:\Users\MMuradzade\IdeaProjects\Diplom\Diplom_3\target\classes;C:\Users\MMuradzade\.m2\repository\junit\junit\4.13.1\junit-4.13.1.jar;C:\Users\MMuradzade\.m2\repository\org\hamcrest\hamcrest-core\1.3\hamcrest-core-1.3.jar;C:\Users\MMuradzade\.m2\repository\org\seleniumhq\selenium\selenium-java\3.141.59\selenium-java-3.141.59.jar;C:\Users\MMuradzade\.m2\repository\org\seleniumhq\selenium\selenium-api\3.141.59\selenium-api-3.141.59.jar;C:\Users\MMuradzade\.m2\repository\org\seleniumhq\selenium\selenium-chrome-driver\3.141.59\selenium-chrome-driver-3.141.59.jar;C:\Users\MMuradzade\.m2\repository\org\seleniumhq\selenium\selenium-edge-driver\3.141.59\selenium-edge-driver-3.141.59.jar;C:\Users\MMuradzade\.m2\repository\org\seleniumhq\selenium\selenium-firefox-driver\3.141.59\selenium-firefox-driver-3.141.59.jar;C:\Users\MMuradzade\.m2\repository\org\seleniumhq\selenium\selenium-ie-driver\3.141.59\selenium-ie-driver-3.141.59.jar;C:\Users\MMuradzade\.m2\repository\org\seleniumhq\selenium\selenium-opera-driver\3.141.59\selenium-opera-driver-3.141.59.jar;C:\Users\MMuradzade\.m2\repository\org\seleniumhq\selenium\selenium-remote-driver\3.141.59\selenium-remote-driver-3.141.59.jar;C:\Users\MMuradzade\.m2\repository\org\seleniumhq\selenium\selenium-safari-driver\3.141.59\selenium-safari-driver-3.141.59.jar;C:\Users\MMuradzade\.m2\repository\org\seleniumhq\selenium\selenium-support\3.141.59\selenium-support-3.141.59.jar;C:\Users\MMuradzade\.m2\repository\net\bytebuddy\byte-buddy\1.8.15\byte-buddy-1.8.15.jar;C:\Users\MMuradzade\.m2\repository\org\apache\commons\commons-exec\1.3\commons-exec-1.3.jar;C:\Users\MMuradzade\.m2\repository\com\google\guava\guava\25.0-jre\guava-25.0-jre.jar;C:\Users\MMuradzade\.m2\repository\com\google\code\findbugs\jsr305\1.3.9\jsr305-1.3.9.jar;C:\Users\MMuradzade\.m2\repository\org\checkerframework\checker-compat-qual\2.0.0\checker-compat-qual-2.0.0.jar;C:\Users\MMuradzade\.m2\repository\com\google\errorprone\error_prone_annotations\2.1.3\error_prone_annotations-2.1.3.jar;C:\Users\MMuradzade\.m2\repository\com\google\j2objc\j2objc-annotations\1.1\j2objc-annotations-1.1.jar;C:\Users\MMuradzade\.m2\repository\org\codehaus\mojo\animal-sniffer-annotations\1.14\animal-sniffer-annotations-1.14.jar;C:\Users\MMuradzade\.m2\repository\com\squareup\okhttp3\okhttp\3.11.0\okhttp-3.11.0.jar;C:\Users\MMuradzade\.m2\repository\com\squareup\okio\okio\1.14.0\okio-1.14.0.jar;C:\Users\MMuradzade\.m2\repository\io\rest-assured\rest-assured\5.4.0\rest-assured-5.4.0.jar;C:\Users\MMuradzade\.m2\repository\org\apache\groovy\groovy\4.0.16\groovy-4.0.16.jar;C:\Users\MMuradzade\.m2\repository\org\apache\groovy\groovy-xml\4.0.16\groovy-xml-4.0.16.jar;C:\Users\MMuradzade\.m2\repository\org\apache\httpcomponents\httpclient\4.5.13\httpclient-4.5.13.jar;C:\Users\MMuradzade\.m2\repository\org\apache\httpcomponents\httpcore\4.4.13\httpcore-4.4.13.jar;C:\Users\MMuradzade\.m2\repository\commons-logging\commons-logging\1.2\commons-logging-1.2.jar;C:\Users\MMuradzade\.m2\repository\commons-codec\commons-codec\1.11\commons-codec-1.11.jar;C:\Users\MMuradzade\.m2\repository\org\apache\httpcomponents\httpmime\4.5.13\httpmime-4.5.13.jar;C:\Users\MMuradzade\.m2\repository\org\hamcrest\hamcrest\2.2\hamcrest-2.2.jar;C:\Users\MMuradzade\.m2\repository\org\ccil\cowan\tagsoup\tagsoup\1.2.1\tagsoup-1.2.1.jar;C:\Users\MMuradzade\.m2\repository\io\rest-assured\json-path\5.4.0\json-path-5.4.0.jar;C:\Users\MMuradzade\.m2\repository\org\apache\groovy\groovy-json\4.0.16\groovy-json-4.0.16.jar;C:\Users\MMuradzade\.m2\repository\io\rest-assured\rest-assured-common\5.4.0\rest-assured-common-5.4.0.jar;C:\Users\MMuradzade\.m2\repository\io\rest-assured\xml-path\5.4.0\xml-path-5.4.0.jar;C:\Users\MMuradzade\.m2\repository\org\slf4j\slf4j-simple\1.7.36\slf4j-simple-1.7.36.jar;C:\Users\MMuradzade\.m2\repository\org\slf4j\slf4j-api\1.7.36\slf4j-api-1.7.36.jar;C:\Users\MMuradzade\.m2\repository\io\github\bonigarcia\webdrivermanager\5.9.2\webdrivermanager-5.9.2.jar;C:\Users\MMuradzade\.m2\repository\com\google\code\gson\gson\2.11.0\gson-2.11.0.jar;C:\Users\MMuradzade\.m2\repository\com\github\docker-java\docker-java\3.4.0\docker-java-3.4.0.jar;C:\Users\MMuradzade\.m2\repository\com\github\docker-java\docker-java-core\3.4.0\docker-java-core-3.4.0.jar;C:\Users\MMuradzade\.m2\repository\com\github\docker-java\docker-java-api\3.4.0\docker-java-api-3.4.0.jar;C:\Users\MMuradzade\.m2\repository\org\slf4j\jcl-over-slf4j\1.7.30\jcl-over-slf4j-1.7.30.jar;C:\Users\MMuradzade\.m2\repository\com\github\docker-java\docker-java-transport-httpclient5\3.4.0\docker-java-transport-httpclient5-3.4.0.jar;C:\Users\MMuradzade\.m2\repository\com\github\docker-java\docker-java-transport\3.4.0\docker-java-transport-3.4.0.jar;C:\Users\MMuradzade\.m2\repository\net\java\dev\jna\jna\5.13.0\jna-5.13.0.jar;C:\Users\MMuradzade\.m2\repository\org\brotli\dec\0.1.2\dec-0.1.2.jar;C:\Users\MMuradzade\.m2\repository\org\apache\commons\commons-lang3\3.15.0\commons-lang3-3.15.0.jar;C:\Users\MMuradzade\.m2\repository\org\apache\commons\commons-compress\1.26.2\commons-compress-1.26.2.jar;C:\Users\MMuradzade\.m2\repository\commons-io\commons-io\2.16.1\commons-io-2.16.1.jar;C:\Users\MMuradzade\.m2\repository\org\apache\httpcomponents\client5\httpclient5\5.2.1\httpclient5-5.2.1.jar;C:\Users\MMuradzade\.m2\repository\org\apache\httpcomponents\core5\httpcore5\5.2\httpcore5-5.2.jar;C:\Users\MMuradzade\.m2\repository\org\apache\httpcomponents\core5\httpcore5-h2\5.2\httpcore5-h2-5.2.jar;C:\Users\MMuradzade\.m2\repository\io\qameta\allure\allure-maven\2.13.0\allure-maven-2.13.0.jar;C:\Users\MMuradzade\.m2\repository\com\fasterxml\jackson\core\jackson-databind\2.17.2\jackson-databind-2.17.2.jar;C:\Users\MMuradzade\.m2\repository\com\fasterxml\jackson\core\jackson-annotations\2.17.2\jackson-annotations-2.17.2.jar;C:\Users\MMuradzade\.m2\repository\com\fasterxml\jackson\core\jackson-core\2.17.2\jackson-core-2.17.2.jar;C:\Users\MMuradzade\.m2\repository\org\apache\maven\maven-plugin-api\3.9.8\maven-plugin-api-3.9.8.jar;C:\Users\MMuradzade\.m2\repository\org\codehaus\plexus\plexus-utils\3.5.1\plexus-utils-3.5.1.jar;C:\Users\MMuradzade\.m2\repository\org\codehaus\plexus\plexus-classworlds\2.8.0\plexus-classworlds-2.8.0.jar;C:\Users\MMuradzade\.m2\repository\org\apache\maven\maven-core\3.9.8\maven-core-3.9.8.jar;C:\Users\MMuradzade\.m2\repository\org\apache\maven\maven-model\3.9.8\maven-model-3.9.8.jar;C:\Users\MMuradzade\.m2\repository\org\apache\maven\maven-settings\3.9.8\maven-settings-3.9.8.jar;C:\Users\MMuradzade\.m2\repository\org\apache\maven\maven-settings-builder\3.9.8\maven-settings-builder-3.9.8.jar;C:\Users\MMuradzade\.m2\repository\org\codehaus\plexus\plexus-sec-dispatcher\2.0\plexus-sec-dispatcher-2.0.jar;C:\Users\MMuradzade\.m2\repository\org\codehaus\plexus\plexus-cipher\2.0\plexus-cipher-2.0.jar;C:\Users\MMuradzade\.m2\repository\org\apache\maven\maven-builder-support\3.9.8\maven-builder-support-3.9.8.jar;C:\Users\MMuradzade\.m2\repository\org\apache\maven\maven-repository-metadata\3.9.8\maven-repository-metadata-3.9.8.jar;C:\Users\MMuradzade\.m2\repository\org\apache\maven\maven-artifact\3.9.8\maven-artifact-3.9.8.jar;C:\Users\MMuradzade\.m2\repository\org\apache\maven\maven-model-builder\3.9.8\maven-model-builder-3.9.8.jar;C:\Users\MMuradzade\.m2\repository\org\apache\maven\maven-resolver-provider\3.9.8\maven-resolver-provider-3.9.8.jar;C:\Users\MMuradzade\.m2\repository\org\apache\maven\resolver\maven-resolver-impl\1.9.20\maven-resolver-impl-1.9.20.jar;C:\Users\MMuradzade\.m2\repository\org\apache\maven\resolver\maven-resolver-named-locks\1.9.20\maven-resolver-named-locks-1.9.20.jar;C:\Users\MMuradzade\.m2\repository\org\apache\maven\resolver\maven-resolver-api\1.9.20\maven-resolver-api-1.9.20.jar;C:\Users\MMuradzade\.m2\repository\org\apache\maven\resolver\maven-resolver-spi\1.9.20\maven-resolver-spi-1.9.20.jar;C:\Users\MMuradzade\.m2\repository\org\apache\maven\resolver\maven-resolver-util\1.9.20\maven-resolver-util-1.9.20.jar;C:\Users\MMuradzade\.m2\repository\org\apache\maven\shared\maven-shared-utils\3.4.2\maven-shared-utils-3.4.2.jar;C:\Users\MMuradzade\.m2\repository\org\eclipse\sisu\org.eclipse.sisu.plexus\0.9.0.M3\org.eclipse.sisu.plexus-0.9.0.M3.jar;C:\Users\MMuradzade\.m2\repository\org\eclipse\sisu\org.eclipse.sisu.inject\0.9.0.M3\org.eclipse.sisu.inject-0.9.0.M3.jar;C:\Users\MMuradzade\.m2\repository\com\google\inject\guice\5.1.0\guice-5.1.0.jar;C:\Users\MMuradzade\.m2\repository\aopalliance\aopalliance\1.0\aopalliance-1.0.jar;C:\Users\MMuradzade\.m2\repository\com\google\guava\failureaccess\1.0.2\failureaccess-1.0.2.jar;C:\Users\MMuradzade\.m2\repository\javax\inject\javax.inject\1\javax.inject-1.jar;C:\Users\MMuradzade\.m2\repository\org\codehaus\plexus\plexus-interpolation\1.27\plexus-interpolation-1.27.jar;C:\Users\MMuradzade\.m2\repository\org\codehaus\plexus\plexus-component-annotations\2.1.0\plexus-component-annotations-2.1.0.jar;C:\Users\MMuradzade\.m2\repository\org\apache\maven\reporting\maven-reporting-impl\3.2.0\maven-reporting-impl-3.2.0.jar;C:\Users\MMuradzade\.m2\repository\org\apache\maven\reporting\maven-reporting-api\3.1.1\maven-reporting-api-3.1.1.jar;C:\Users\MMuradzade\.m2\repository\org\apache\maven\doxia\doxia-sink-api\1.11.1\doxia-sink-api-1.11.1.jar;C:\Users\MMuradzade\.m2\repository\org\apache\maven\doxia\doxia-logging-api\1.11.1\doxia-logging-api-1.11.1.jar;C:\Users\MMuradzade\.m2\repository\org\apache\maven\doxia\doxia-decoration-model\1.11.1\doxia-decoration-model-1.11.1.jar;C:\Users\MMuradzade\.m2\repository\org\apache\maven\doxia\doxia-core\1.11.1\doxia-core-1.11.1.jar;C:\Users\MMuradzade\.m2\repository\org\codehaus\plexus\plexus-container-default\2.1.0\plexus-container-default-2.1.0.jar;C:\Users\MMuradzade\.m2\repository\org\apache\xbean\xbean-reflect\3.7\xbean-reflect-3.7.jar;C:\Users\MMuradzade\.m2\repository\com\google\collections\google-collections\1.0\google-collections-1.0.jar;C:\Users\MMuradzade\.m2\repository\org\apache\maven\doxia\doxia-integration-tools\1.11.1\doxia-integration-tools-1.11.1.jar;C:\Users\MMuradzade\.m2\repository\org\codehaus\plexus\plexus-i18n\1.0-beta-10\plexus-i18n-1.0-beta-10.jar;C:\Users\MMuradzade\.m2\repository\org\apache\maven\doxia\doxia-site-renderer\1.11.1\doxia-site-renderer-1.11.1.jar;C:\Users\MMuradzade\.m2\repository\org\apache\maven\doxia\doxia-skin-model\1.11.1\doxia-skin-model-1.11.1.jar;C:\Users\MMuradzade\.m2\repository\org\apache\maven\doxia\doxia-module-xhtml\1.11.1\doxia-module-xhtml-1.11.1.jar;C:\Users\MMuradzade\.m2\repository\org\apache\maven\doxia\doxia-module-xhtml5\1.11.1\doxia-module-xhtml5-1.11.1.jar;C:\Users\MMuradzade\.m2\repository\org\codehaus\plexus\plexus-velocity\1.2\plexus-velocity-1.2.jar;C:\Users\MMuradzade\.m2\repository\org\apache\velocity\velocity\1.7\velocity-1.7.jar;C:\Users\MMuradzade\.m2\repository\commons-lang\commons-lang\2.4\commons-lang-2.4.jar;C:\Users\MMuradzade\.m2\repository\org\apache\velocity\velocity-tools\2.0\velocity-tools-2.0.jar;C:\Users\MMuradzade\.m2\repository\commons-digester\commons-digester\1.8\commons-digester-1.8.jar;C:\Users\MMuradzade\.m2\repository\commons-chain\commons-chain\1.1\commons-chain-1.1.jar;C:\Users\MMuradzade\.m2\repository\dom4j\dom4j\1.1\dom4j-1.1.jar;C:\Users\MMuradzade\.m2\repository\oro\oro\2.0.8\oro-2.0.8.jar;C:\Users\MMuradzade\.m2\repository\org\apache\maven\shared\maven-artifact-transfer\0.13.1\maven-artifact-transfer-0.13.1.jar;C:\Users\MMuradzade\.m2\repository\org\apache\maven\shared\maven-common-artifact-filters\3.1.0\maven-common-artifact-filters-3.1.0.jar;C:\Users\MMuradzade\.m2\repository\org\sonatype\sisu\sisu-inject-plexus\1.4.2\sisu-inject-plexus-1.4.2.jar;C:\Users\MMuradzade\.m2\repository\org\sonatype\sisu\sisu-inject-bean\1.4.2\sisu-inject-bean-1.4.2.jar;C:\Users\MMuradzade\.m2\repository\org\sonatype\sisu\sisu-guice\2.1.7\sisu-guice-2.1.7-noaop.jar;C:\Users\MMuradzade\.m2\repository\commons-beanutils\commons-beanutils\1.9.4\commons-beanutils-1.9.4.jar;C:\Users\MMuradzade\.m2\repository\commons-collections\commons-collections\3.2.2\commons-collections-3.2.2.jar;C:\Users\MMuradzade\.m2\repository\net\lingala\zip4j\zip4j\2.11.5\zip4j-2.11.5.jar;C:\Users\MMuradzade\.m2\repository\org\apache\commons\commons-text\1.12.0\commons-text-1.12.0.jar;C:\Users\MMuradzade\.m2\repository\org\apache\maven\plugin-tools\maven-plugin-annotations\3.7.0\maven-plugin-annotations-3.7.0.jar;C:\Users\MMuradzade\.m2\repository\org\apache\maven\plugins\maven-jxr-plugin\3.4.0\maven-jxr-plugin-3.4.0.jar;C:\Users\MMuradzade\.m2\repository\org\apache\maven\maven-jxr\3.4.0\maven-jxr-3.4.0.jar;C:\Users\MMuradzade\.m2\repository\org\apache\maven\wagon\wagon-provider-api\3.5.3\wagon-provider-api-3.5.3.jar;C:\Users\MMuradzade\.m2\repository\org\codehaus\plexus\plexus-java\1.2.0\plexus-java-1.2.0.jar;C:\Users\MMuradzade\.m2\repository\org\ow2\asm\asm\9.6\asm-9.6.jar;C:\Users\MMuradzade\.m2\repository\com\thoughtworks\qdox\qdox\2.0.3\qdox-2.0.3.jar;C:\Users\MMuradzade\.m2\repository\org\codehaus\plexus\plexus-xml\3.0.0\plexus-xml-3.0.0.jar;C:\Users\MMuradzade\.m2\repository\io\qameta\allure\allure-junit4\2.15.0\allure-junit4-2.15.0.jar;C:\Users\MMuradzade\.m2\repository\io\qameta\allure\allure-java-commons\2.15.0\allure-java-commons-2.15.0.jar;C:\Users\MMuradzade\.m2\repository\io\qameta\allure\allure-model\2.15.0\allure-model-2.15.0.jar;C:\Users\MMuradzade\.m2\repository\io\qameta\allure\allure-rest-assured\2.15.0\allure-rest-assured-2.15.0.jar;C:\Users\MMuradzade\.m2\repository\io\qameta\allure\allure-attachments\2.15.0\allure-attachments-2.15.0.jar;C:\Users\MMuradzade\.m2\repository\org\freemarker\freemarker\2.3.31\freemarker-2.3.31.jar;C:\Users\MMuradzade\.m2\repository\org\projectlombok\lombok\1.18.34\lombok-1.18.34.jar;"/>
    <property name="java.vm.vendor" value="Amazon.com Inc."/>
    <property name="sun.arch.data.model" value="64"/>
    <property name="user.variant" value=""/>
    <property name="java.vendor.url" value="https://aws.amazon.com/corretto/"/>
    <property name="user.timezone" value="Europe/Moscow"/>
    <property name="user.country.format" value="RU"/>
    <property name="java.vm.specification.version" value="11"/>
    <property name="os.name" value="Windows 10"/>
    <property name="sun.java.launcher" value="SUN_STANDARD"/>
    <property name="user.country" value="US"/>
    <property name="sun.boot.library.path" value="C:\Users\MMuradzade\.jdks\corretto-11.0.24\bin"/>
    <property name="sun.java.command" value="C:\Users\MMURAD~1\AppData\Local\Temp\surefire2659931748601734938\surefirebooter5600079389139562457.jar C:\Users\MMuradzade\AppData\Local\Temp\surefire2659931748601734938 2024-12-03T22-43-21_836-jvmRun1 surefire12564891448087908303tmp surefire_013481514436195279077tmp"/>
    <property name="jdk.debug" value="release"/>
    <property name="surefire.test.class.path" value="C:\Users\MMuradzade\IdeaProjects\Diplom\Diplom_3\target\test-classes;C:\Users\MMuradzade\IdeaProjects\Diplom\Diplom_3\target\classes;C:\Users\MMuradzade\.m2\repository\junit\junit\4.13.1\junit-4.13.1.jar;C:\Users\MMuradzade\.m2\repository\org\hamcrest\hamcrest-core\1.3\hamcrest-core-1.3.jar;C:\Users\MMuradzade\.m2\repository\org\seleniumhq\selenium\selenium-java\3.141.59\selenium-java-3.141.59.jar;C:\Users\MMuradzade\.m2\repository\org\seleniumhq\selenium\selenium-api\3.141.59\selenium-api-3.141.59.jar;C:\Users\MMuradzade\.m2\repository\org\seleniumhq\selenium\selenium-chrome-driver\3.141.59\selenium-chrome-driver-3.141.59.jar;C:\Users\MMuradzade\.m2\repository\org\seleniumhq\selenium\selenium-edge-driver\3.141.59\selenium-edge-driver-3.141.59.jar;C:\Users\MMuradzade\.m2\repository\org\seleniumhq\selenium\selenium-firefox-driver\3.141.59\selenium-firefox-driver-3.141.59.jar;C:\Users\MMuradzade\.m2\repository\org\seleniumhq\selenium\selenium-ie-driver\3.141.59\selenium-ie-driver-3.141.59.jar;C:\Users\MMuradzade\.m2\repository\org\seleniumhq\selenium\selenium-opera-driver\3.141.59\selenium-opera-driver-3.141.59.jar;C:\Users\MMuradzade\.m2\repository\org\seleniumhq\selenium\selenium-remote-driver\3.141.59\selenium-remote-driver-3.141.59.jar;C:\Users\MMuradzade\.m2\repository\org\seleniumhq\selenium\selenium-safari-driver\3.141.59\selenium-safari-driver-3.141.59.jar;C:\Users\MMuradzade\.m2\repository\org\seleniumhq\selenium\selenium-support\3.141.59\selenium-support-3.141.59.jar;C:\Users\MMuradzade\.m2\repository\net\bytebuddy\byte-buddy\1.8.15\byte-buddy-1.8.15.jar;C:\Users\MMuradzade\.m2\repository\org\apache\commons\commons-exec\1.3\commons-exec-1.3.jar;C:\Users\MMuradzade\.m2\repository\com\google\guava\guava\25.0-jre\guava-25.0-jre.jar;C:\Users\MMuradzade\.m2\repository\com\google\code\findbugs\jsr305\1.3.9\jsr305-1.3.9.jar;C:\Users\MMuradzade\.m2\repository\org\checkerframework\checker-compat-qual\2.0.0\checker-compat-qual-2.0.0.jar;C:\Users\MMuradzade\.m2\repository\com\google\errorprone\error_prone_annotations\2.1.3\error_prone_annotations-2.1.3.jar;C:\Users\MMuradzade\.m2\repository\com\google\j2objc\j2objc-annotations\1.1\j2objc-annotations-1.1.jar;C:\Users\MMuradzade\.m2\repository\org\codehaus\mojo\animal-sniffer-annotations\1.14\animal-sniffer-annotations-1.14.jar;C:\Users\MMuradzade\.m2\repository\com\squareup\okhttp3\okhttp\3.11.0\okhttp-3.11.0.jar;C:\Users\MMuradzade\.m2\repository\com\squareup\okio\okio\1.14.0\okio-1.14.0.jar;C:\Users\MMuradzade\.m2\repository\io\rest-assured\rest-assured\5.4.0\rest-assured-5.4.0.jar;C:\Users\MMuradzade\.m2\repository\org\apache\groovy\groovy\4.0.16\groovy-4.0.16.jar;C:\Users\MMuradzade\.m2\repository\org\apache\groovy\groovy-xml\4.0.16\groovy-xml-4.0.16.jar;C:\Users\MMuradzade\.m2\repository\org\apache\httpcomponents\httpclient\4.5.13\httpclient-4.5.13.jar;C:\Users\MMuradzade\.m2\repository\org\apache\httpcomponents\httpcore\4.4.13\httpcore-4.4.13.jar;C:\Users\MMuradzade\.m2\repository\commons-logging\commons-logging\1.2\commons-logging-1.2.jar;C:\Users\MMuradzade\.m2\repository\commons-codec\commons-codec\1.11\commons-codec-1.11.jar;C:\Users\MMuradzade\.m2\repository\org\apache\httpcomponents\httpmime\4.5.13\httpmime-4.5.13.jar;C:\Users\MMuradzade\.m2\repository\org\hamcrest\hamcrest\2.2\hamcrest-2.2.jar;C:\Users\MMuradzade\.m2\repository\org\ccil\cowan\tagsoup\tagsoup\1.2.1\tagsoup-1.2.1.jar;C:\Users\MMuradzade\.m2\repository\io\rest-assured\json-path\5.4.0\json-path-5.4.0.jar;C:\Users\MMuradzade\.m2\repository\org\apache\groovy\groovy-json\4.0.16\groovy-json-4.0.16.jar;C:\Users\MMuradzade\.m2\repository\io\rest-assured\rest-assured-common\5.4.0\rest-assured-common-5.4.0.jar;C:\Users\MMuradzade\.m2\repository\io\rest-assured\xml-path\5.4.0\xml-path-5.4.0.jar;C:\Users\MMuradzade\.m2\repository\org\slf4j\slf4j-simple\1.7.36\slf4j-simple-1.7.36.jar;C:\Users\MMuradzade\.m2\repository\org\slf4j\slf4j-api\1.7.36\slf4j-api-1.7.36.jar;C:\Users\MMuradzade\.m2\repository\io\github\bonigarcia\webdrivermanager\5.9.2\webdrivermanager-5.9.2.jar;C:\Users\MMuradzade\.m2\repository\com\google\code\gson\gson\2.11.0\gson-2.11.0.jar;C:\Users\MMuradzade\.m2\repository\com\github\docker-java\docker-java\3.4.0\docker-java-3.4.0.jar;C:\Users\MMuradzade\.m2\repository\com\github\docker-java\docker-java-core\3.4.0\docker-java-core-3.4.0.jar;C:\Users\MMuradzade\.m2\repository\com\github\docker-java\docker-java-api\3.4.0\docker-java-api-3.4.0.jar;C:\Users\MMuradzade\.m2\repository\org\slf4j\jcl-over-slf4j\1.7.30\jcl-over-slf4j-1.7.30.jar;C:\Users\MMuradzade\.m2\repository\com\github\docker-java\docker-java-transport-httpclient5\3.4.0\docker-java-transport-httpclient5-3.4.0.jar;C:\Users\MMuradzade\.m2\repository\com\github\docker-java\docker-java-transport\3.4.0\docker-java-transport-3.4.0.jar;C:\Users\MMuradzade\.m2\repository\net\java\dev\jna\jna\5.13.0\jna-5.13.0.jar;C:\Users\MMuradzade\.m2\repository\org\brotli\dec\0.1.2\dec-0.1.2.jar;C:\Users\MMuradzade\.m2\repository\org\apache\commons\commons-lang3\3.15.0\commons-lang3-3.15.0.jar;C:\Users\MMuradzade\.m2\repository\org\apache\commons\commons-compress\1.26.2\commons-compress-1.26.2.jar;C:\Users\MMuradzade\.m2\repository\commons-io\commons-io\2.16.1\commons-io-2.16.1.jar;C:\Users\MMuradzade\.m2\repository\org\apache\httpcomponents\client5\httpclient5\5.2.1\httpclient5-5.2.1.jar;C:\Users\MMuradzade\.m2\repository\org\apache\httpcomponents\core5\httpcore5\5.2\httpcore5-5.2.jar;C:\Users\MMuradzade\.m2\repository\org\apache\httpcomponents\core5\httpcore5-h2\5.2\httpcore5-h2-5.2.jar;C:\Users\MMuradzade\.m2\repository\io\qameta\allure\allure-maven\2.13.0\allure-maven-2.13.0.jar;C:\Users\MMuradzade\.m2\repository\com\fasterxml\jackson\core\jackson-databind\2.17.2\jackson-databind-2.17.2.jar;C:\Users\MMuradzade\.m2\repository\com\fasterxml\jackson\core\jackson-annotations\2.17.2\jackson-annotations-2.17.2.jar;C:\Users\MMuradzade\.m2\repository\com\fasterxml\jackson\core\jackson-core\2.17.2\jackson-core-2.17.2.jar;C:\Users\MMuradzade\.m2\repository\org\apache\maven\maven-plugin-api\3.9.8\maven-plugin-api-3.9.8.jar;C:\Users\MMuradzade\.m2\repository\org\codehaus\plexus\plexus-utils\3.5.1\plexus-utils-3.5.1.jar;C:\Users\MMuradzade\.m2\repository\org\codehaus\plexus\plexus-classworlds\2.8.0\plexus-classworlds-2.8.0.jar;C:\Users\MMuradzade\.m2\repository\org\apache\maven\maven-core\3.9.8\maven-core-3.9.8.jar;C:\Users\MMuradzade\.m2\repository\org\apache\maven\maven-model\3.9.8\maven-model-3.9.8.jar;C:\Users\MMuradzade\.m2\repository\org\apache\maven\maven-settings\3.9.8\maven-settings-3.9.8.jar;C:\Users\MMuradzade\.m2\repository\org\apache\maven\maven-settings-builder\3.9.8\maven-settings-builder-3.9.8.jar;C:\Users\MMuradzade\.m2\repository\org\codehaus\plexus\plexus-sec-dispatcher\2.0\plexus-sec-dispatcher-2.0.jar;C:\Users\MMuradzade\.m2\repository\org\codehaus\plexus\plexus-cipher\2.0\plexus-cipher-2.0.jar;C:\Users\MMuradzade\.m2\repository\org\apache\maven\maven-builder-support\3.9.8\maven-builder-support-3.9.8.jar;C:\Users\MMuradzade\.m2\repository\org\apache\maven\maven-repository-metadata\3.9.8\maven-repository-metadata-3.9.8.jar;C:\Users\MMuradzade\.m2\repository\org\apache\maven\maven-artifact\3.9.8\maven-artifact-3.9.8.jar;C:\Users\MMuradzade\.m2\repository\org\apache\maven\maven-model-builder\3.9.8\maven-model-builder-3.9.8.jar;C:\Users\MMuradzade\.m2\repository\org\apache\maven\maven-resolver-provider\3.9.8\maven-resolver-provider-3.9.8.jar;C:\Users\MMuradzade\.m2\repository\org\apache\maven\resolver\maven-resolver-impl\1.9.20\maven-resolver-impl-1.9.20.jar;C:\Users\MMuradzade\.m2\repository\org\apache\maven\resolver\maven-resolver-named-locks\1.9.20\maven-resolver-named-locks-1.9.20.jar;C:\Users\MMuradzade\.m2\repository\org\apache\maven\resolver\maven-resolver-api\1.9.20\maven-resolver-api-1.9.20.jar;C:\Users\MMuradzade\.m2\repository\org\apache\maven\resolver\maven-resolver-spi\1.9.20\maven-resolver-spi-1.9.20.jar;C:\Users\MMuradzade\.m2\repository\org\apache\maven\resolver\maven-resolver-util\1.9.20\maven-resolver-util-1.9.20.jar;C:\Users\MMuradzade\.m2\repository\org\apache\maven\shared\maven-shared-utils\3.4.2\maven-shared-utils-3.4.2.jar;C:\Users\MMuradzade\.m2\repository\org\eclipse\sisu\org.eclipse.sisu.plexus\0.9.0.M3\org.eclipse.sisu.plexus-0.9.0.M3.jar;C:\Users\MMuradzade\.m2\repository\org\eclipse\sisu\org.eclipse.sisu.inject\0.9.0.M3\org.eclipse.sisu.inject-0.9.0.M3.jar;C:\Users\MMuradzade\.m2\repository\com\google\inject\guice\5.1.0\guice-5.1.0.jar;C:\Users\MMuradzade\.m2\repository\aopalliance\aopalliance\1.0\aopalliance-1.0.jar;C:\Users\MMuradzade\.m2\repository\com\google\guava\failureaccess\1.0.2\failureaccess-1.0.2.jar;C:\Users\MMuradzade\.m2\repository\javax\inject\javax.inject\1\javax.inject-1.jar;C:\Users\MMuradzade\.m2\repository\org\codehaus\plexus\plexus-interpolation\1.27\plexus-interpolation-1.27.jar;C:\Users\MMuradzade\.m2\repository\org\codehaus\plexus\plexus-component-annotations\2.1.0\plexus-component-annotations-2.1.0.jar;C:\Users\MMuradzade\.m2\repository\org\apache\maven\reporting\maven-reporting-impl\3.2.0\maven-reporting-impl-3.2.0.jar;C:\Users\MMuradzade\.m2\repository\org\apache\maven\reporting\maven-reporting-api\3.1.1\maven-reporting-api-3.1.1.jar;C:\Users\MMuradzade\.m2\repository\org\apache\maven\doxia\doxia-sink-api\1.11.1\doxia-sink-api-1.11.1.jar;C:\Users\MMuradzade\.m2\repository\org\apache\maven\doxia\doxia-logging-api\1.11.1\doxia-logging-api-1.11.1.jar;C:\Users\MMuradzade\.m2\repository\org\apache\maven\doxia\doxia-decoration-model\1.11.1\doxia-decoration-model-1.11.1.jar;C:\Users\MMuradzade\.m2\repository\org\apache\maven\doxia\doxia-core\1.11.1\doxia-core-1.11.1.jar;C:\Users\MMuradzade\.m2\repository\org\codehaus\plexus\plexus-container-default\2.1.0\plexus-container-default-2.1.0.jar;C:\Users\MMuradzade\.m2\repository\org\apache\xbean\xbean-reflect\3.7\xbean-reflect-3.7.jar;C:\Users\MMuradzade\.m2\repository\com\google\collections\google-collections\1.0\google-collections-1.0.jar;C:\Users\MMuradzade\.m2\repository\org\apache\maven\doxia\doxia-integration-tools\1.11.1\doxia-integration-tools-1.11.1.jar;C:\Users\MMuradzade\.m2\repository\org\codehaus\plexus\plexus-i18n\1.0-beta-10\plexus-i18n-1.0-beta-10.jar;C:\Users\MMuradzade\.m2\repository\org\apache\maven\doxia\doxia-site-renderer\1.11.1\doxia-site-renderer-1.11.1.jar;C:\Users\MMuradzade\.m2\repository\org\apache\maven\doxia\doxia-skin-model\1.11.1\doxia-skin-model-1.11.1.jar;C:\Users\MMuradzade\.m2\repository\org\apache\maven\doxia\doxia-module-xhtml\1.11.1\doxia-module-xhtml-1.11.1.jar;C:\Users\MMuradzade\.m2\repository\org\apache\maven\doxia\doxia-module-xhtml5\1.11.1\doxia-module-xhtml5-1.11.1.jar;C:\Users\MMuradzade\.m2\repository\org\codehaus\plexus\plexus-velocity\1.2\plexus-velocity-1.2.jar;C:\Users\MMuradzade\.m2\repository\org\apache\velocity\velocity\1.7\velocity-1.7.jar;C:\Users\MMuradzade\.m2\repository\commons-lang\commons-lang\2.4\commons-lang-2.4.jar;C:\Users\MMuradzade\.m2\repository\org\apache\velocity\velocity-tools\2.0\velocity-tools-2.0.jar;C:\Users\MMuradzade\.m2\repository\commons-digester\commons-digester\1.8\commons-digester-1.8.jar;C:\Users\MMuradzade\.m2\repository\commons-chain\commons-chain\1.1\commons-chain-1.1.jar;C:\Users\MMuradzade\.m2\repository\dom4j\dom4j\1.1\dom4j-1.1.jar;C:\Users\MMuradzade\.m2\repository\oro\oro\2.0.8\oro-2.0.8.jar;C:\Users\MMuradzade\.m2\repository\org\apache\maven\shared\maven-artifact-transfer\0.13.1\maven-artifact-transfer-0.13.1.jar;C:\Users\MMuradzade\.m2\repository\org\apache\maven\shared\maven-common-artifact-filters\3.1.0\maven-common-artifact-filters-3.1.0.jar;C:\Users\MMuradzade\.m2\repository\org\sonatype\sisu\sisu-inject-plexus\1.4.2\sisu-inject-plexus-1.4.2.jar;C:\Users\MMuradzade\.m2\repository\org\sonatype\sisu\sisu-inject-bean\1.4.2\sisu-inject-bean-1.4.2.jar;C:\Users\MMuradzade\.m2\repository\org\sonatype\sisu\sisu-guice\2.1.7\sisu-guice-2.1.7-noaop.jar;C:\Users\MMuradzade\.m2\repository\commons-beanutils\commons-beanutils\1.9.4\commons-beanutils-1.9.4.jar;C:\Users\MMuradzade\.m2\repository\commons-collections\commons-collections\3.2.2\commons-collections-3.2.2.jar;C:\Users\MMuradzade\.m2\repository\net\lingala\zip4j\zip4j\2.11.5\zip4j-2.11.5.jar;C:\Users\MMuradzade\.m2\repository\org\apache\commons\commons-text\1.12.0\commons-text-1.12.0.jar;C:\Users\MMuradzade\.m2\repository\org\apache\maven\plugin-tools\maven-plugin-annotations\3.7.0\maven-plugin-annotations-3.7.0.jar;C:\Users\MMuradzade\.m2\repository\org\apache\maven\plugins\maven-jxr-plugin\3.4.0\maven-jxr-plugin-3.4.0.jar;C:\Users\MMuradzade\.m2\repository\org\apache\maven\maven-jxr\3.4.0\maven-jxr-3.4.0.jar;C:\Users\MMuradzade\.m2\repository\org\apache\maven\wagon\wagon-provider-api\3.5.3\wagon-provider-api-3.5.3.jar;C:\Users\MMuradzade\.m2\repository\org\codehaus\plexus\plexus-java\1.2.0\plexus-java-1.2.0.jar;C:\Users\MMuradzade\.m2\repository\org\ow2\asm\asm\9.6\asm-9.6.jar;C:\Users\MMuradzade\.m2\repository\com\thoughtworks\qdox\qdox\2.0.3\qdox-2.0.3.jar;C:\Users\MMuradzade\.m2\repository\org\codehaus\plexus\plexus-xml\3.0.0\plexus-xml-3.0.0.jar;C:\Users\MMuradzade\.m2\repository\io\qameta\allure\allure-junit4\2.15.0\allure-junit4-2.15.0.jar;C:\Users\MMuradzade\.m2\repository\io\qameta\allure\allure-java-commons\2.15.0\allure-java-commons-2.15.0.jar;C:\Users\MMuradzade\.m2\repository\io\qameta\allure\allure-model\2.15.0\allure-model-2.15.0.jar;C:\Users\MMuradzade\.m2\repository\io\qameta\allure\allure-rest-assured\2.15.0\allure-rest-assured-2.15.0.jar;C:\Users\MMuradzade\.m2\repository\io\qameta\allure\allure-attachments\2.15.0\allure-attachments-2.15.0.jar;C:\Users\MMuradzade\.m2\repository\org\freemarker\freemarker\2.3.31\freemarker-2.3.31.jar;C:\Users\MMuradzade\.m2\repository\org\projectlombok\lombok\1.18.34\lombok-1.18.34.jar;"/>
    <property name="sun.cpu.endian" value="little"/>
    <property name="allure.results.directory" value="C:\Users\MMuradzade\IdeaProjects\Diplom\Diplom_3\target/allure-results"/>
    <property name="user.home" value="C:\Users\MMuradzade"/>
    <property name="user.language" value="en"/>
    <property name="java.specification.vendor" value="Oracle Corporation"/>
    <property name="java.version.date" value="2024-07-16"/>
    <property name="java.home" value="C:\Users\MMuradzade\.jdks\corretto-11.0.24"/>
    <property name="file.separator" value="\"/>
    <property name="basedir" value="C:\Users\MMuradzade\IdeaProjects\Diplom\Diplom_3"/>
    <property name="java.vm.compressedOopsMode" value="Zero based"/>
    <property name="line.separator" value="&#10;"/>
    <property name="java.specification.name" value="Java Platform API Specification"/>
    <property name="java.vm.specification.vendor" value="Oracle Corporation"/>
    <property name="java.awt.graphicsenv" value="sun.awt.Win32GraphicsEnvironment"/>
    <property name="surefire.real.class.path" value="C:\Users\MMURAD~1\AppData\Local\Temp\surefire2659931748601734938\surefirebooter5600079389139562457.jar"/>
    <property name="user.script" value=""/>
    <property name="sun.management.compiler" value="HotSpot 64-Bit Tiered Compilers"/>
    <property name="java.runtime.version" value="11.0.24+8-LTS"/>
    <property name="user.name" value="MMuradzade"/>
    <property name="path.separator" value=";"/>
    <property name="os.version" value="10.0"/>
    <property name="java.runtime.name" value="OpenJDK Runtime Environment"/>
    <property name="file.encoding" value="Cp1251"/>
    <property name="java.vm.name" value="OpenJDK 64-Bit Server VM"/>
    <property name="java.vendor.version" value="Corretto-11.0.24.8.1"/>
    <property name="localRepository" value="C:\Users\MMuradzade\.m2\repository"/>
    <property name="java.vendor.url.bug" value="https://github.com/corretto/corretto-11/issues/"/>
    <property name="java.io.tmpdir" value="C:\Users\MMURAD~1\AppData\Local\Temp\"/>
    <property name="idea.version" value="2024.2.3"/>
    <property name="java.version" value="11.0.24"/>
    <property name="user.dir" value="C:\Users\MMuradzade\IdeaProjects\Diplom\Diplom_3"/>
    <property name="os.arch" value="amd64"/>
    <property name="java.vm.specification.name" value="Java Virtual Machine Specification"/>
    <property name="java.awt.printerjob" value="sun.awt.windows.WPrinterJob"/>
    <property name="user.language.format" value="ru"/>
    <property name="sun.os.patch.level" value=""/>
    <property name="java.library.path" value="C:\Users\MMuradzade\.jdks\corretto-11.0.24\bin;C:\windows\Sun\Java\bin;C:\windows\system32;C:\windows;C:\Python312\Scripts\;C:\Python312\;C:\Program Files\Microsoft\bin;C:\windows\system32;C:\windows;C:\windows\System32\Wbem;C:\windows\System32\WindowsPowerShell\v1.0\;C:\windows\System32\OpenSSH\;C:\Program Files\Git\cmd;C:\Users\MMuradzade\apache-maven-3.9.8-bin\apache-maven-3.9.8\bin;C:\Users\MMuradzade\AppData\Local\Android\Sdk\platform-tools;C:\Program Files\nodejs\;C:\ProgramData\chocolatey\bin;&quot;C:\Python312\Scripts\;C:\Python312\;C:\Program Files\Microsoft\bin;C:\windows\system32;C:\windows;C:\windows\System32\Wbem;C:\windows\System32\WindowsPowerShell\v1.0\;C:\windows\System32\OpenSSH\;C:\Program Files\Git\cmd;C:\Users\MMuradzade\apache-maven-3.9.8-bin\apache-maven-3.9.8\bin;C:\Users\MMuradzade\AppData\Local\Android\Sdk\platform-tools;C:\Program Files\nodejs\;C:\ProgramData\chocolatey\bin;&quot;C:\Python312\Scripts\;C:\Python312\;C:\Program Files\Microsoft\bin;C:\windows\system32;C:\windows;C:\windows\System32\Wbem;C:\windows\System32\WindowsPowerShell\v1.0\;C:\windows\System32\OpenSSH\;C:\Program Files\Git\cmd;C:\Users\MMuradzade\apache-maven-3.9.8-bin\apache-maven-3.9.8\bin;C:\Users\MMuradzade\AppData\Local\Android\Sdk\platform-tools;C:\Program Files\nodejs\;C:\ProgramData\chocolatey\bin;&quot;C:\windows\System32;C:\Users\MMuradzade\AppData\Local\Android\Sdk&quot;;C:\Users\MMuradzade\AppData\Local\Android\Sdk\platform-tools;C:\Program Files\Docker\Docker\resources\bin;C:\Users\MMuradzade\Downloads\allure-commandline-2.9.0\allure-2.9.0\bin;;C:\Users\MMuradzade\AppData\Local\Android\Sdk&quot;;C:\Users\MMuradzade\AppData\Local\Android\Sdk\platform-tools;C:\Program Files\Docker\Docker\resources\bin;C:\Users\MMuradzade\Downloads\allure-commandline-2.9.0\allure-2.9.0\bin;;C:\Users\MMuradzade\AppData\Local\Android\Sdk&quot;;C:\Users\MMuradzade\AppData\Local\Android\Sdk\platform-tools;C:\Program Files\Docker\Docker\resources\bin;C:\Users\MMuradzade\Downloads\allure-commandline-2.9.0\allure-2.9.0\bin;C:\Users\MMuradzade\AppData\Local\Microsoft\WindowsApps;C:\Users\MMuradzade\AppData\Local\JetBrains\IntelliJ IDEA Community Edition 2023.3.4\bin;;C:\Users\MMuradzade\apache-maven-3.9.8-bin\apache-maven-3.9.8\bin;C:\Users\MMuradzade\AppData\Local\Microsoft\WinGet\Packages\Schniz.fnm_Microsoft.Winget.Source_8wekyb3d8bbwe;C:\Users\MMuradzade\AppData\Roaming\npm;C:\Program Files\JetBrains\IntelliJ IDEA 2024.2.3\bin;;C:\Users\MMuradzade\Downloads\allure-commandline-2.9.0\allure-2.9.0\bin;;."/>
    <property name="java.vm.info" value="mixed mode"/>
    <property name="java.vendor" value="Amazon.com Inc."/>
    <property name="java.vm.version" value="11.0.24+8-LTS"/>
    <property name="java.specification.maintenance.version" value="2"/>
    <property name="sun.io.unicode.encoding" value="UnicodeLittle"/>
    <property name="java.class.version" value="55.0"/>
  </properties>
  <testcase name="testNavigateToPersonalAccount" classname="tests.PersonalAccountNavigationTest" time="13.638"/>
  <testcase name="testNavigateToConstructor" classname="tests.PersonalAccountNavigationTest" time="5.748"/>
  <testcase name="testNavigateToMainPageViaLogo" classname="tests.PersonalAccountNavigationTest" time="6.65"/>
</testsuite>